<?xml version="1.0" encoding="UTF-8"?>
<!-- Generated by org.testng.reporters.JUnitReportReporter -->
<testsuite hostname="Aravindanaths-MacBook-Pro-2.local" failures="0" tests="3" name="LearningTestNG.TC_Flipkart1" time="10.889" errors="0" timestamp="2024-04-19T21:53:54 IST" skipped="0">
  <testcase classname="LearningTestNG.TC_Flipkart1" name="test001" time="2.767">
    <system-out>
      <![CDATA[Online Shopping Site for Mobiles, Electronics, Furniture, Grocery, Lifestyle, Books & More. Best Offers!
https://www.flipkart.com/]]>
    </system-out>
  </testcase> <!-- test001 -->
  <testcase classname="LearningTestNG.TC_Flipkart1" name="test001" time="3.047">
    <system-out>
      <![CDATA[Online Shopping Site for Mobiles, Electronics, Furniture, Grocery, Lifestyle, Books & More. Best Offers!
https://www.flipkart.com/]]>
    </system-out>
  </testcase> <!-- test001 -->
  <testcase classname="LearningTestNG.TC_Flipkart1" name="test001" time="5.075">
    <system-out>
      <![CDATA[Online Shopping Site for Mobiles, Electronics, Furniture, Grocery, Lifestyle, Books & More. Best Offers!
https://www.flipkart.com/]]>
    </system-out>
  </testcase> <!-- test001 -->
  <system-out>
    <![CDATA[Facebook - ಲಾಗ್ ಇನ್ ಅಥವಾ ಸೈನ್ ಅಪ್
https://www.facebook.com/
Google
https://www.google.com/
Online Shopping Site for Mobiles, Electronics, Furniture, Grocery, Lifestyle, Books & More. Best Offers!
https://www.flipkart.com/
Facebook - ಲಾಗ್ ಇನ್ ಅಥವಾ ಸೈನ್ ಅಪ್
https://www.facebook.com/
Google
https://www.google.com/
Online Shopping Site for Mobiles, Electronics, Furniture, Grocery, Lifestyle, Books & More. Best Offers!
https://www.flipkart.com/
Facebook - ಲಾಗ್ ಇನ್ ಅಥವಾ ಸೈನ್ ಅಪ್
https://www.facebook.com/
Google
https://www.google.com/
Online Shopping Site for Mobiles, Electronics, Furniture, Grocery, Lifestyle, Books & More. Best Offers!
https://www.flipkart.com/]]>
  </system-out>
</testsuite> <!-- LearningTestNG.TC_Flipkart1 -->
